<?xml version="1.0" encoding="UTF-8"?>
<testng-results total="9" passed="9" failed="0" skipped="0">
  <reporter-output>
  </reporter-output>
  <suite started-at="2026-04-12T07:45:56Z" name="Test Suite for Buildout" finished-at="2026-04-12T07:46:15Z" duration-ms="18893">
    <groups>
    </groups>
    <test started-at="2026-04-12T07:45:56Z" name="Test Cases for Buildout" finished-at="2026-04-12T07:46:15Z" duration-ms="18893">
      <class name="demo.TestCases">
        <test-method is-config="true" signature="startBrowser()[pri:0, instance:demo.TestCases@4b79ac84]" started-at="2026-04-12T13:15:56Z" name="startBrowser" finished-at="2026-04-12T13:15:57Z" duration-ms="1005" status="PASS">
          <reporter-output>
          </reporter-output>
        </test-method> <!-- startBrowser -->
        <test-method signature="testCase01()[pri:0, instance:demo.TestCases@4b79ac84]" started-at="2026-04-12T13:15:57Z" name="testCase01" finished-at="2026-04-12T13:16:00Z" duration-ms="3481" status="PASS">
          <reporter-output>
          </reporter-output>
        </test-method> <!-- testCase01 -->
        <test-method signature="testCase02()[pri:0, instance:demo.TestCases@4b79ac84]" started-at="2026-04-12T13:16:00Z" name="testCase02" finished-at="2026-04-12T13:16:02Z" duration-ms="1400" status="PASS">
          <reporter-output>
          </reporter-output>
        </test-method> <!-- testCase02 -->
        <test-method signature="testCase03()[pri:0, instance:demo.TestCases@4b79ac84]" started-at="2026-04-12T13:16:02Z" name="testCase03" finished-at="2026-04-12T13:16:05Z" duration-ms="2991" status="PASS">
          <reporter-output>
          </reporter-output>
        </test-method> <!-- testCase03 -->
        <test-method signature="testCase04()[pri:0, instance:demo.TestCases@4b79ac84]" started-at="2026-04-12T13:16:05Z" name="testCase04" finished-at="2026-04-12T13:16:06Z" duration-ms="1096" status="PASS">
          <reporter-output>
          </reporter-output>
        </test-method> <!-- testCase04 -->
        <test-method signature="testCase05(java.lang.String)[pri:0, instance:demo.TestCases@4b79ac84]" started-at="2026-04-12T13:16:06Z" name="testCase05" data-provider="fetchData" finished-at="2026-04-12T13:16:08Z" duration-ms="1615" status="PASS">
          <params>
            <param index="0">
              <value>
                <![CDATA[Movies]]>
              </value>
            </param>
          </params>
          <reporter-output>
          </reporter-output>
        </test-method> <!-- testCase05 -->
        <test-method signature="testCase05(java.lang.String)[pri:0, instance:demo.TestCases@4b79ac84]" started-at="2026-04-12T13:16:08Z" name="testCase05" data-provider="fetchData" finished-at="2026-04-12T13:16:09Z" duration-ms="1522" status="PASS">
          <params>
            <param index="0">
              <value>
                <![CDATA[Music]]>
              </value>
            </param>
          </params>
          <reporter-output>
          </reporter-output>
        </test-method> <!-- testCase05 -->
        <test-method signature="testCase05(java.lang.String)[pri:0, instance:demo.TestCases@4b79ac84]" started-at="2026-04-12T13:16:09Z" name="testCase05" data-provider="fetchData" finished-at="2026-04-12T13:16:11Z" duration-ms="1495" status="PASS">
          <params>
            <param index="0">
              <value>
                <![CDATA[Games]]>
              </value>
            </param>
          </params>
          <reporter-output>
          </reporter-output>
        </test-method> <!-- testCase05 -->
        <test-method signature="testCase05(java.lang.String)[pri:0, instance:demo.TestCases@4b79ac84]" started-at="2026-04-12T13:16:11Z" name="testCase05" data-provider="fetchData" finished-at="2026-04-12T13:16:12Z" duration-ms="1501" status="PASS">
          <params>
            <param index="0">
              <value>
                <![CDATA[India]]>
              </value>
            </param>
          </params>
          <reporter-output>
          </reporter-output>
        </test-method> <!-- testCase05 -->
        <test-method signature="testCase05(java.lang.String)[pri:0, instance:demo.TestCases@4b79ac84]" started-at="2026-04-12T13:16:12Z" name="testCase05" data-provider="fetchData" finished-at="2026-04-12T13:16:15Z" duration-ms="2517" status="PASS">
          <params>
            <param index="0">
              <value>
                <![CDATA[UK]]>
              </value>
            </param>
          </params>
          <reporter-output>
          </reporter-output>
        </test-method> <!-- testCase05 -->
        <test-method is-config="true" signature="endTest()[pri:0, instance:demo.TestCases@4b79ac84]" started-at="2026-04-12T13:16:15Z" name="endTest" finished-at="2026-04-12T13:16:15Z" duration-ms="255" status="PASS">
          <reporter-output>
          </reporter-output>
        </test-method> <!-- endTest -->
      </class> <!-- demo.TestCases -->
    </test> <!-- Test Cases for Buildout -->
  </suite> <!-- Test Suite for Buildout -->
</testng-results>
