<?xml version="1.0" encoding="UTF-8"?>
<testng-results total="9" passed="9" failed="0" skipped="0">
  <reporter-output>
  </reporter-output>
  <suite started-at="2026-04-11T18:43:20Z" name="Test Suite for Buildout" finished-at="2026-04-11T18:43:42Z" duration-ms="22612">
    <groups>
    </groups>
    <test started-at="2026-04-11T18:43:20Z" name="Test Cases for Buildout" finished-at="2026-04-11T18:43:42Z" duration-ms="22612">
      <class name="demo.TestCases">
        <test-method is-config="true" signature="startBrowser()[pri:0, instance:demo.TestCases@4b79ac84]" started-at="2026-04-12T00:13:20Z" name="startBrowser" finished-at="2026-04-12T00:13:21Z" duration-ms="1159" status="PASS">
          <reporter-output>
          </reporter-output>
        </test-method> <!-- startBrowser -->
        <test-method signature="testCase01()[pri:0, instance:demo.TestCases@4b79ac84]" started-at="2026-04-12T00:13:21Z" name="testCase01" finished-at="2026-04-12T00:13:28Z" duration-ms="6971" status="PASS">
          <reporter-output>
          </reporter-output>
        </test-method> <!-- testCase01 -->
        <test-method signature="testCase02()[pri:0, instance:demo.TestCases@4b79ac84]" started-at="2026-04-12T00:13:28Z" name="testCase02" finished-at="2026-04-12T00:13:29Z" duration-ms="1300" status="PASS">
          <reporter-output>
          </reporter-output>
        </test-method> <!-- testCase02 -->
        <test-method signature="testCase03()[pri:0, instance:demo.TestCases@4b79ac84]" started-at="2026-04-12T00:13:29Z" name="testCase03" finished-at="2026-04-12T00:13:32Z" duration-ms="2968" status="PASS">
          <reporter-output>
          </reporter-output>
        </test-method> <!-- testCase03 -->
        <test-method signature="testCase04()[pri:0, instance:demo.TestCases@4b79ac84]" started-at="2026-04-12T00:13:32Z" name="testCase04" finished-at="2026-04-12T00:13:33Z" duration-ms="1137" status="PASS">
          <reporter-output>
          </reporter-output>
        </test-method> <!-- testCase04 -->
        <test-method signature="testCase05(java.lang.String)[pri:0, instance:demo.TestCases@4b79ac84]" started-at="2026-04-12T00:13:33Z" name="testCase05" data-provider="fetchData" finished-at="2026-04-12T00:13:35Z" duration-ms="1494" status="PASS">
          <params>
            <param index="0">
              <value>
                <![CDATA[Movies]]>
              </value>
            </param>
          </params>
          <reporter-output>
          </reporter-output>
        </test-method> <!-- testCase05 -->
        <test-method signature="testCase05(java.lang.String)[pri:0, instance:demo.TestCases@4b79ac84]" started-at="2026-04-12T00:13:35Z" name="testCase05" data-provider="fetchData" finished-at="2026-04-12T00:13:36Z" duration-ms="1590" status="PASS">
          <params>
            <param index="0">
              <value>
                <![CDATA[Music]]>
              </value>
            </param>
          </params>
          <reporter-output>
          </reporter-output>
        </test-method> <!-- testCase05 -->
        <test-method signature="testCase05(java.lang.String)[pri:0, instance:demo.TestCases@4b79ac84]" started-at="2026-04-12T00:13:36Z" name="testCase05" data-provider="fetchData" finished-at="2026-04-12T00:13:38Z" duration-ms="1636" status="PASS">
          <params>
            <param index="0">
              <value>
                <![CDATA[Games]]>
              </value>
            </param>
          </params>
          <reporter-output>
          </reporter-output>
        </test-method> <!-- testCase05 -->
        <test-method signature="testCase05(java.lang.String)[pri:0, instance:demo.TestCases@4b79ac84]" started-at="2026-04-12T00:13:38Z" name="testCase05" data-provider="fetchData" finished-at="2026-04-12T00:13:39Z" duration-ms="1545" status="PASS">
          <params>
            <param index="0">
              <value>
                <![CDATA[India]]>
              </value>
            </param>
          </params>
          <reporter-output>
          </reporter-output>
        </test-method> <!-- testCase05 -->
        <test-method signature="testCase05(java.lang.String)[pri:0, instance:demo.TestCases@4b79ac84]" started-at="2026-04-12T00:13:39Z" name="testCase05" data-provider="fetchData" finished-at="2026-04-12T00:13:42Z" duration-ms="2534" status="PASS">
          <params>
            <param index="0">
              <value>
                <![CDATA[UK]]>
              </value>
            </param>
          </params>
          <reporter-output>
          </reporter-output>
        </test-method> <!-- testCase05 -->
        <test-method is-config="true" signature="endTest()[pri:0, instance:demo.TestCases@4b79ac84]" started-at="2026-04-12T00:13:42Z" name="endTest" finished-at="2026-04-12T00:13:42Z" duration-ms="267" status="PASS">
          <reporter-output>
          </reporter-output>
        </test-method> <!-- endTest -->
      </class> <!-- demo.TestCases -->
    </test> <!-- Test Cases for Buildout -->
  </suite> <!-- Test Suite for Buildout -->
</testng-results>
